[    0.000000] Initializing cgroup subsys cpuset
[    0.000000] Initializing cgroup subsys cpu
[    0.000000] Initializing cgroup subsys cpuacct
[    0.000000] Linux version 4.4.0-206-generic (buildd@lgw01-amd64-039) (gcc version 5.4.0 20160609 (Ubuntu 5.4.0-6ubuntu1~16.04.12) ) #238-Ubuntu SMP Tue Mar 16 07:52:37 UTC 2021 (Ubuntu 4.4.0-206.238-generic 4.4.254)
[    0.000000] Command line: BOOT_IMAGE=/boot/vmlinuz-4.4.0-206-generic root=LABEL=cloudimg-rootfs ro console=tty1 console=ttyS0
[    0.000000] KERNEL supported cpus:
[    0.000000]   Intel GenuineIntel
[    0.000000]   AMD AuthenticAMD
[    0.000000]   Centaur CentaurHauls
[    0.000000] [Firmware Bug]: TSC doesn't count with P0 frequency!
[    0.000000] x86/fpu: Legacy x87 FPU detected.
[    0.000000] e820: BIOS-provided physical RAM map:
[    0.000000] BIOS-e820: [mem 0x0000000000000000-0x000000000009fbff] usable
[    0.000000] BIOS-e820: [mem 0x000000000009fc00-0x000000000009ffff] reserved
[    0.000000] BIOS-e820: [mem 0x00000000000f0000-0x00000000000fffff] reserved
[    0.000000] BIOS-e820: [mem 0x0000000000100000-0x000000003ffeffff] usable
[    0.000000] BIOS-e820: [mem 0x000000003fff0000-0x000000003fffffff] ACPI data
[    0.000000] BIOS-e820: [mem 0x00000000fec00000-0x00000000fec00fff] reserved
[    0.000000] BIOS-e820: [mem 0x00000000fee00000-0x00000000fee00fff] reserved
[    0.000000] BIOS-e820: [mem 0x00000000fffc0000-0x00000000ffffffff] reserved
[    0.000000] NX (Execute Disable) protection: active
[    0.000000] SMBIOS 2.5 present.
[    0.000000] Hypervisor detected: KVM
[    0.000000] Kernel/User page tables isolation: disabled
[    0.000000] e820: last_pfn = 0x3fff0 max_arch_pfn = 0x400000000
[    0.000000] MTRR: Disabled
[    0.000000] x86/PAT: MTRRs disabled, skipping PAT initialization too.
[    0.000000] CPU MTRRs all blank - virtualized system.
[    0.000000] x86/PAT: Configuration [0-7]: WB  WT  UC- UC  WB  WT  UC- UC  
[    0.000000] found SMP MP-table at [mem 0x0009fff0-0x0009ffff] mapped at [ffff88000009fff0]
[    0.000000] Scanning 1 areas for low memory corruption
[    0.000000] RAMDISK: [mem 0x362de000-0x37166fff]
[    0.000000] ACPI: Early table checksum verification disabled
[    0.000000] ACPI: RSDP 0x00000000000E0000 000024 (v02 VBOX  )
[    0.000000] ACPI: XSDT 0x000000003FFF0030 00003C (v01 VBOX   VBOXXSDT 00000001 ASL  00000061)
[    0.000000] ACPI: FACP 0x000000003FFF00F0 0000F4 (v04 VBOX   VBOXFACP 00000001 ASL  00000061)
[    0.000000] ACPI: DSDT 0x000000003FFF0470 002325 (v02 VBOX   VBOXBIOS 00000002 INTL 20100528)
[    0.000000] ACPI: FACS 0x000000003FFF0200 000040
[    0.000000] ACPI: FACS 0x000000003FFF0200 000040
[    0.000000] ACPI: APIC 0x000000003FFF0240 00005C (v02 VBOX   VBOXAPIC 00000001 ASL  00000061)
[    0.000000] ACPI: SSDT 0x000000003FFF02A0 0001CC (v01 VBOX   VBOXCPUT 00000002 INTL 20100528)
[    0.000000] No NUMA configuration found
[    0.000000] Faking a node at [mem 0x0000000000000000-0x000000003ffeffff]
[    0.000000] NODE_DATA(0) allocated [mem 0x3ffeb000-0x3ffeffff]
[    0.000000] kvm-clock: Using msrs 4b564d01 and 4b564d00
[    0.000000] kvm-clock: cpu 0, msr 0:3ffe3001, primary cpu clock
[    0.000000] kvm-clock: using sched offset of 5448804940 cycles
[    0.000000] clocksource: kvm-clock: mask: 0xffffffffffffffff max_cycles: 0x1cd42e4dffb, max_idle_ns: 881590591483 ns
[    0.000000] Zone ranges:
[    0.000000]   DMA      [mem 0x0000000000001000-0x0000000000ffffff]
[    0.000000]   DMA32    [mem 0x0000000001000000-0x000000003ffeffff]
[    0.000000]   Normal   empty
[    0.000000]   Device   empty
[    0.000000] Movable zone start for each node
[    0.000000] Early memory node ranges
[    0.000000]   node   0: [mem 0x0000000000001000-0x000000000009efff]
[    0.000000]   node   0: [mem 0x0000000000100000-0x000000003ffeffff]
[    0.000000] Initmem setup node 0 [mem 0x0000000000001000-0x000000003ffeffff]
[    0.000000] ACPI: PM-Timer IO Port: 0x4008
[    0.000000] IOAPIC[0]: apic_id 2, version 32, address 0xfec00000, GSI 0-23
[    0.000000] ACPI: INT_SRC_OVR (bus 0 bus_irq 0 global_irq 2 dfl dfl)
[    0.000000] ACPI: INT_SRC_OVR (bus 0 bus_irq 9 global_irq 9 low level)
[    0.000000] Using ACPI (MADT) for SMP configuration information
[    0.000000] smpboot: Allowing 2 CPUs, 0 hotplug CPUs
[    0.000000] PM: Registered nosave memory: [mem 0x00000000-0x00000fff]
[    0.000000] PM: Registered nosave memory: [mem 0x0009f000-0x0009ffff]
[    0.000000] PM: Registered nosave memory: [mem 0x000a0000-0x000effff]
[    0.000000] PM: Registered nosave memory: [mem 0x000f0000-0x000fffff]
[    0.000000] e820: [mem 0x40000000-0xfebfffff] available for PCI devices
[    0.000000] Booting paravirtualized kernel on KVM
[    0.000000] clocksource: refined-jiffies: mask: 0xffffffff max_cycles: 0xffffffff, max_idle_ns: 7645519600211568 ns
[    0.000000] setup_percpu: NR_CPUS:512 nr_cpumask_bits:512 nr_cpu_ids:2 nr_node_ids:1
[    0.000000] PERCPU: Embedded 33 pages/cpu @ffff88003fc00000 s95640 r8192 d31336 u1048576
[    0.000000] Built 1 zonelists in Node order, mobility grouping on.  Total pages: 257912
[    0.000000] Policy zone: DMA32
[    0.000000] Kernel command line: BOOT_IMAGE=/boot/vmlinuz-4.4.0-206-generic root=LABEL=cloudimg-rootfs ro console=tty1 console=ttyS0
[    0.000000] PID hash table entries: 4096 (order: 3, 32768 bytes)
[    0.000000] Memory: 997656K/1048120K available (8641K kernel code, 1337K rwdata, 4044K rodata, 1496K init, 1296K bss, 50464K reserved, 0K cma-reserved)
[    0.000000] SLUB: HWalign=64, Order=0-3, MinObjects=0, CPUs=2, Nodes=1
[    0.000000] Hierarchical RCU implementation.
[    0.000000] 	Build-time adjustment of leaf fanout to 64.
[    0.000000] 	RCU restricting CPUs from NR_CPUS=512 to nr_cpu_ids=2.
[    0.000000] RCU: Adjusting geometry for rcu_fanout_leaf=64, nr_cpu_ids=2
[    0.000000] NR_IRQS:33024 nr_irqs:440 16
[    0.000000] Console: colour VGA+ 80x25
[    0.000000] console [tty1] enabled
[    0.000000] console [ttyS0] enabled
[    0.000000] tsc: Detected 1996.186 MHz processor
[    1.004938] Calibrating delay loop (skipped) preset value.. 3992.37 BogoMIPS (lpj=7984744)
[    1.013765] pid_max: default: 32768 minimum: 301
[    1.018344] ACPI: Core revision 20150930
[    1.024168] ACPI: 2 ACPI AML tables successfully acquired and loaded
[    1.032188] Security Framework initialized
[    1.037363] Yama: becoming mindful.
[    1.041973] AppArmor: AppArmor initialized
[    1.047772] Dentry cache hash table entries: 131072 (order: 8, 1048576 bytes)
[    1.064612] Inode-cache hash table entries: 65536 (order: 7, 524288 bytes)
[    1.075265] Mount-cache hash table entries: 2048 (order: 2, 16384 bytes)
[    1.080679] Mountpoint-cache hash table entries: 2048 (order: 2, 16384 bytes)
[    1.089009] Initializing cgroup subsys io
[    1.094940] Initializing cgroup subsys memory
[    1.099764] Initializing cgroup subsys devices
[    1.104428] Initializing cgroup subsys freezer
[    1.109081] Initializing cgroup subsys net_cls
[    1.114178] Initializing cgroup subsys perf_event
[    1.117893] Initializing cgroup subsys net_prio
[    1.121867] Initializing cgroup subsys hugetlb
[    1.126288] Initializing cgroup subsys pids
[    1.131431] mce: CPU supports 0 MCE banks
[    1.135427] Last level iTLB entries: 4KB 1024, 2MB 1024, 4MB 512
[    1.140105] Last level dTLB entries: 4KB 1536, 2MB 1536, 4MB 768, 1GB 0
[    1.145817] Spectre V1 : Mitigation: usercopy/swapgs barriers and __user pointer sanitization
[    1.152535] Spectre V2 : Spectre mitigation: LFENCE not serializing, switching to generic retpoline
[    1.162108] Spectre V2 : Mitigation: Full generic retpoline
[    1.168608] Spectre V2 : Spectre v2 / SpectreRSB mitigation: Filling RSB on context switch
[    1.177940] Speculative Store Bypass: Mitigation: Speculative Store Bypass disabled via prctl and seccomp
[    1.227221] Freeing SMP alternatives memory: 36K
[    1.295758] ftrace: allocating 32370 entries in 127 pages
[    2.239162] smpboot: APIC(0) Converting physical 0 to logical package 0
[    2.249438] smpboot: Max logical packages: 1
[    2.274169] ..TIMER: vector=0x30 apic1=0 pin1=2 apic2=-1 pin2=-1
[    2.389743] APIC calibration not consistent with PM-Timer: 98ms instead of 100ms
[    2.406833] APIC delta adjusted to PM-Timer: 6216201 (6121696)
[    2.422519] smpboot: CPU0: AMD Ryzen 5 2500U with Radeon Vega Mobile Gfx (family: 0x17, model: 0x11, stepping: 0x0)
[    2.441187] Performance Events: Broken PMU hardware detected, using software events only.
[    2.455206] Failed to access perfctr msr (MSR c0010007 is 0)
[    2.598797] KVM setup paravirtual spinlock
[    2.617337] x86: Booting SMP configuration:
[    2.626754] .... node  #0, CPUs:      #1
[    2.638518] kvm-clock: cpu 1, msr 0:3ffe3041, secondary cpu clock
[    2.649039] mce: CPU supports 0 MCE banks
[    2.654530] TSC synchronization [CPU#0 -> CPU#1]:
[    2.663373] Measured 95341 cycles TSC warp between CPUs, turning off TSC clock.
[    2.676314] tsc: Marking TSC unstable due to check_tsc_sync_source failed
[    0.613711] x86: Booted up 1 node, 2 CPUs
[    0.616010] smpboot: Total of 2 processors activated (7984.74 BogoMIPS)
[    0.628427] devtmpfs: initialized
[    0.656000] evm: security.selinux
[    0.676007] evm: security.SMACK64
[    0.696012] evm: security.SMACK64EXEC
[    0.704007] evm: security.SMACK64TRANSMUTE
[    0.716007] evm: security.SMACK64MMAP
[    0.724007] evm: security.ima
[    0.732007] evm: security.capability
[    0.745219] clocksource: jiffies: mask: 0xffffffff max_cycles: 0xffffffff, max_idle_ns: 7645041785100000 ns
[    0.768034] futex hash table entries: 512 (order: 3, 32768 bytes)
[    0.784834] pinctrl core: initialized pinctrl subsystem
[    0.801036] RTC time: 16:11:50, date: 04/14/21
[    0.814820] NET: Registered protocol family 16
[    0.840013] cpuidle: using governor ladder
[    0.856017] cpuidle: using governor menu
[    0.860292] PCCT header not found.
[    0.869826] ACPI: bus type PCI registered
[    0.872009] acpiphp: ACPI Hot Plug PCI Controller Driver version: 0.5
[    0.881163] PCI: Using configuration type 1 for base access
[    0.884010] PCI: Using configuration type 1 for extended access
[    0.916609] ACPI: Added _OSI(Module Device)
[    0.924010] ACPI: Added _OSI(Processor Device)
[    0.936011] ACPI: Added _OSI(3.0 _SCP Extensions)
[    0.948015] ACPI: Added _OSI(Processor Aggregator Device)
[    0.969708] ACPI: Executed 1 blocks of module-level executable AML code
[    1.001683] ACPI: Interpreter enabled
[    1.008041] ACPI: (supports S0 S5)
[    1.016012] ACPI: Using IOAPIC for interrupt routing
[    1.028753] PCI: Using host bridge windows from ACPI; if necessary, use "pci=nocrs" and report a bug
[    1.063004] ACPI: PCI Root Bridge [PCI0] (domain 0000 [bus 00-ff])
[    1.076033] acpi PNP0A03:00: _OSC: OS supports [ExtendedConfig ASPM ClockPM Segments MSI]
[    1.096888] acpi PNP0A03:00: _OSC: platform does not support [PCIeCapability]
[    1.113400] acpi PNP0A03:00: _OSC: not requesting control; platform does not support [PCIeCapability]
[    1.132012] acpi PNP0A03:00: _OSC: OS requested [PCIeHotplug PME AER PCIeCapability]
[    1.148009] acpi PNP0A03:00: _OSC: platform willing to grant [PCIeHotplug PME AER]
[    1.164018] acpi PNP0A03:00: _OSC failed (AE_SUPPORT); disabling ASPM
[    1.177309] PCI host bridge to bus 0000:00
[    1.184018] pci_bus 0000:00: root bus resource [io  0x0000-0x0cf7 window]
[    1.196021] pci_bus 0000:00: root bus resource [io  0x0d00-0xffff window]
[    1.248019] pci_bus 0000:00: root bus resource [mem 0x000a0000-0x000bffff window]
[    1.264013] pci_bus 0000:00: root bus resource [mem 0x40000000-0xfdffffff window]
[    1.284014] pci_bus 0000:00: root bus resource [bus 00-ff]
[    1.311142] pci 0000:00:01.1: legacy IDE quirk: reg 0x10: [io  0x01f0-0x01f7]
[    1.320005] pci 0000:00:01.1: legacy IDE quirk: reg 0x14: [io  0x03f6]
[    1.328005] pci 0000:00:01.1: legacy IDE quirk: reg 0x18: [io  0x0170-0x0177]
[    1.336005] pci 0000:00:01.1: legacy IDE quirk: reg 0x1c: [io  0x0376]
[    1.405428] pci 0000:00:07.0: quirk: [io  0x4000-0x403f] claimed by PIIX4 ACPI
[    1.436075] pci 0000:00:07.0: quirk: [io  0x4100-0x410f] claimed by PIIX4 SMB
[    1.492969] ACPI: PCI Interrupt Link [LNKA] (IRQs 5 9 10 *11)
[    1.528958] ACPI: PCI Interrupt Link [LNKB] (IRQs 5 9 *10 11)
[    1.564357] ACPI: PCI Interrupt Link [LNKC] (IRQs 5 *9 10 11)
[    1.604422] ACPI: PCI Interrupt Link [LNKD] (IRQs 5 9 10 *11)
[    1.640628] ACPI: Enabled 2 GPEs in block 00 to 07
[    1.668415] vgaarb: setting as boot device: PCI:0000:00:02.0
[    1.672000] vgaarb: device added: PCI:0000:00:02.0,decodes=io+mem,owns=io+mem,locks=none
[    1.720018] vgaarb: loaded
[    1.732008] vgaarb: bridge control possible 0000:00:02.0
[    1.753872] SCSI subsystem initialized
[    1.772106] ACPI: bus type USB registered
[    1.788074] usbcore: registered new interface driver usbfs
[    1.808064] usbcore: registered new interface driver hub
[    1.820122] usbcore: registered new device driver usb
[    1.832498] PCI: Using ACPI for IRQ routing
[    1.844365] NetLabel: Initializing
[    1.852006] NetLabel:  domain hash size = 128
[    1.860006] NetLabel:  protocols = UNLABELED CIPSOv4
[    1.872030] NetLabel:  unlabeled traffic allowed by default
[    1.884343] amd_nb: Cannot enumerate AMD northbridges
[    1.892672] clocksource: Switched to clocksource kvm-clock
[    2.006518] AppArmor: AppArmor Filesystem Enabled
[    2.016534] pnp: PnP ACPI init
[    2.026286] pnp: PnP ACPI: found 3 devices
[    2.123486] clocksource: acpi_pm: mask: 0xffffff max_cycles: 0xffffff, max_idle_ns: 2085701024 ns
[    2.143564] NET: Registered protocol family 2
[    2.164631] TCP established hash table entries: 8192 (order: 4, 65536 bytes)
[    2.182915] TCP bind hash table entries: 8192 (order: 5, 131072 bytes)
[    2.198443] TCP: Hash tables configured (established 8192 bind 8192)
[    2.214150] UDP hash table entries: 512 (order: 2, 16384 bytes)
[    2.226318] UDP-Lite hash table entries: 512 (order: 2, 16384 bytes)
[    2.237251] NET: Registered protocol family 1
[    2.243260] pci 0000:00:00.0: Limiting direct PCI/PCI transfers
[    2.253466] pci 0000:00:01.0: Activating ISA DMA hang workarounds
[    2.261435] Unpacking initramfs...
[    2.991040] Freeing initrd memory: 14884K
[    2.997153] clocksource: tsc: mask: 0xffffffffffffffff max_cycles: 0x398c36fe48b, max_idle_ns: 881590820471 ns
[    3.011031] platform rtc_cmos: registered platform RTC device (no PNP device found)
[    3.027908] Scanning for low memory corruption every 60 seconds
[    3.041540] audit: initializing netlink subsys (disabled)
[    3.047313] audit: type=2000 audit(1618416717.868:1): initialized
[    3.056664] Initialise system trusted keyring
[    3.072554] HugeTLB registered 2 MB page size, pre-allocated 0 pages
[    3.085797] zbud: loaded
[    3.091626] VFS: Disk quotas dquot_6.6.0
[    3.102296] VFS: Dquot-cache hash table entries: 512 (order 0, 4096 bytes)
[    3.115843] squashfs: version 4.0 (2009/01/31) Phillip Lougher
[    3.130847] fuse init (API version 7.23)
[    3.138844] Key type big_key registered
[    3.145582] Allocating IMA MOK and blacklist keyrings.
[    3.182003] Key type asymmetric registered
[    3.191032] Asymmetric key parser 'x509' registered
[    3.201761] Block layer SCSI generic (bsg) driver version 0.4 loaded (major 249)
[    3.217981] io scheduler noop registered
[    3.227673] io scheduler deadline registered (default)
[    3.238966] io scheduler cfq registered
[    3.247787] pci_hotplug: PCI Hot Plug PCI Core version: 0.5
[    3.261467] pciehp: PCI Express Hot Plug Controller Driver version: 0.4
[    3.277172] ACPI: AC Adapter [AC] (off-line)
[    3.283494] input: Power Button as /devices/LNXSYSTM:00/LNXPWRBN:00/input/input0
[    3.290843] ACPI: Power Button [PWRF]
[    3.294803] input: Sleep Button as /devices/LNXSYSTM:00/LNXSLPBN:00/input/input1
[    3.304837] ACPI: Sleep Button [SLPF]
[    3.315234] ACPI: Battery Slot [BAT0] (battery present)
[    3.327901] GHES: HEST is not enabled!
[    3.333153] Serial: 8250/16550 driver, 32 ports, IRQ sharing enabled
[    3.372231] 00:02: ttyS0 at I/O 0x3f8 (irq = 4, base_baud = 115200) is a 16550A
[    3.415681] Linux agpgart interface v0.103
[    3.452145] loop: module loaded
[    3.465472] scsi host0: ata_piix
[    3.469700] scsi host1: ata_piix
[    3.474286] ata1: PATA max UDMA/33 cmd 0x1f0 ctl 0x3f6 bmdma 0xd000 irq 14
[    3.483258] ata2: PATA max UDMA/33 cmd 0x170 ctl 0x376 bmdma 0xd008 irq 15
[    3.492342] libphy: Fixed MDIO Bus: probed
[    3.497161] tun: Universal TUN/TAP device driver, 1.6
[    3.503777] tun: (C) 1999-2004 Max Krasnyansky <maxk@qualcomm.com>
[    3.511939] PPP generic driver version 2.4.2
[    3.517671] ehci_hcd: USB 2.0 'Enhanced' Host Controller (EHCI) Driver
[    3.524626] ehci-pci: EHCI PCI platform driver
[    3.528157] ehci-platform: EHCI generic platform driver
[    3.533944] ohci_hcd: USB 1.1 'Open' Host Controller (OHCI) Driver
[    3.540283] ohci-pci: OHCI PCI platform driver
[    3.544987] ohci-platform: OHCI generic platform driver
[    3.550321] uhci_hcd: USB Universal Host Controller Interface driver
[    3.556983] i8042: PNP: PS/2 Controller [PNP0303:PS2K,PNP0f03:PS2M] at 0x60,0x64 irq 1,12
[    3.567760] serio: i8042 KBD port at 0x60,0x64 irq 1
[    3.574010] serio: i8042 AUX port at 0x60,0x64 irq 12
[    3.582056] mousedev: PS/2 mouse device common for all mice
[    3.597173] rtc_cmos rtc_cmos: rtc core: registered rtc_cmos as rtc0
[    3.597131] input: AT Translated Set 2 keyboard as /devices/platform/i8042/serio0/input/input2
[    3.627581] rtc_cmos rtc_cmos: alarms up to one day, 114 bytes nvram
[    3.638806] i2c /dev entries driver
[    3.645420] device-mapper: uevent: version 1.0.3
[    3.683877] device-mapper: ioctl: 4.34.0-ioctl (2015-10-28) initialised: dm-devel@redhat.com
[    3.694906] ledtrig-cpu: registered to indicate activity on CPUs
[    3.703551] NET: Registered protocol family 10
[    3.711453] NET: Registered protocol family 17
[    3.717964] Key type dns_resolver registered
[    3.724584] registered taskstats version 1
[    3.730387] Loading compiled-in X.509 certificates
[    3.738457] Loaded X.509 cert 'Build time autogenerated kernel key: 516e255599dc793c39c72783e7b5301ff98d6a80'
[    3.755117] zswap: loaded using pool lzo/zbud
[    3.777708] Key type trusted registered
[    3.803273] Key type encrypted registered
[    3.813151] AppArmor: AppArmor sha1 policy hashing enabled
[    3.823182] ima: No TPM chip found, activating TPM-bypass!
[    3.833674] ima: Allocated hash algorithm: sha1
[    3.842530] evm: HMAC attrs: 0x1
[    3.853357]   Magic number: 1:353:186
[    3.861482] rtc_cmos rtc_cmos: setting system clock to 2021-04-14 16:11:53 UTC (1618416713)
[    3.878516] BIOS EDD facility v0.16 2004-Jun-25, 0 devices found
[    3.891455] EDD information not available.
[    3.910449] Freeing unused kernel memory: 1496K
[    3.941204] Write protecting the kernel read-only data: 14336k
[    3.972814] Freeing unused kernel memory: 1588K
[    4.014911] Freeing unused kernel memory: 52K
Loading, please wait...
starting version 229
[    4.372845] random: systemd-udevd: uninitialized urandom read (16 bytes read, 5 bits of entropy available)
[    4.382595] random: udevadm: uninitialized urandom read (16 bytes read, 5 bits of entropy available)
[    4.382726] random: udevadm: uninitialized urandom read (16 bytes read, 5 bits of entropy available)
[    4.563693] random: udevadm: uninitialized urandom read (16 bytes read, 5 bits of entropy available)
[    4.563863] random: udevadm: uninitialized urandom read (16 bytes read, 5 bits of entropy available)
[    4.565486] random: udevadm: uninitialized urandom read (16 bytes read, 5 bits of entropy available)
[    4.565701] random: udevadm: uninitialized urandom read (16 bytes read, 5 bits of entropy available)
[    4.565897] random: udevadm: uninitialized urandom read (16 bytes read, 5 bits of entropy available)
[    4.566555] random: udevadm: uninitialized urandom read (16 bytes read, 5 bits of entropy available)
[    4.566749] random: udevadm: uninitialized urandom read (16 bytes read, 5 bits of entropy available)
[    4.862387] e1000: Intel(R) PRO/1000 Network Driver - version 7.3.21-k8-NAPI
[    4.877223] e1000: Copyright (c) 1999-2006 Intel Corporation.
[    4.896404] Fusion MPT base driver 3.04.20
[    4.900226] Copyright (c) 1999-2008 LSI Corporation
[    4.974586] Fusion MPT SPI Host driver 3.04.20
[    5.653318] input: ImExPS/2 Generic Explorer Mouse as /devices/platform/i8042/serio1/input/input4
[    5.678598] e1000 0000:00:03.0 eth0: (PCI:33MHz:32-bit) 02:b5:11:9f:b1:da
[    5.687619] e1000 0000:00:03.0 eth0: Intel(R) PRO/1000 Network Connection
[    7.008730] e1000 0000:00:08.0 eth1: (PCI:33MHz:32-bit) 08:00:27:53:8d:51
[    7.021092] e1000 0000:00:08.0 eth1: Intel(R) PRO/1000 Network Connection
[    7.035216] mptbase: ioc0: Initiating bringup
[    7.047545] e1000 0000:00:08.0 enp0s8: renamed from eth1
[    7.073875] e1000 0000:00:03.0 enp0s3: renamed from eth0
[    7.144639] ioc0: LSI53C1030 A0: Capabilities={Initiator}
[    7.383964] scsi host2: ioc0: LSI53C1030 A0, FwRev=00000000h, Ports=1, MaxQ=256, IRQ=20
[    7.679457] scsi 2:0:0:0: Direct-Access     VBOX     HARDDISK         1.0  PQ: 0 ANSI: 5
[    7.734231] scsi target2:0:0: Beginning Domain Validation
[    7.758551] scsi target2:0:0: Domain Validation skipping write tests
[    7.771881] scsi target2:0:0: Ending Domain Validation
[    7.781841] scsi target2:0:0: asynchronous
[    7.795729] scsi 2:0:1:0: Direct-Access     VBOX     HARDDISK         1.0  PQ: 0 ANSI: 5
[    7.810171] scsi target2:0:1: Beginning Domain Validation
[    7.834459] scsi target2:0:1: Domain Validation skipping write tests
[    7.846660] scsi target2:0:1: Ending Domain Validation
[    7.855745] scsi target2:0:1: asynchronous
[    7.916003] sd 2:0:0:0: Attached scsi generic sg0 type 0
[    7.925851] sd 2:0:0:0: [sda] 83886080 512-byte logical blocks: (42.9 GB/40.0 GiB)
[    7.926192] sd 2:0:1:0: [sdb] 20480 512-byte logical blocks: (10.5 MB/10.0 MiB)
[    7.927297] sd 2:0:1:0: [sdb] Write Protect is off
[    7.928312] sd 2:0:1:0: [sdb] Incomplete mode parameter data
[    7.928314] sd 2:0:1:0: [sdb] Assuming drive cache: write through
[    7.931366] sd 2:0:1:0: Attached scsi generic sg1 type 0
[    7.944020] sd 2:0:1:0: [sdb] Attached SCSI disk
[    7.985658] sd 2:0:0:0: [sda] Write Protect is off
[    7.992812] sd 2:0:0:0: [sda] Incomplete mode parameter data
[    7.998681] sd 2:0:0:0: [sda] Assuming drive cache: write through
[    8.009798]  sda: sda1
[    8.017446] sd 2:0:0:0: [sda] Attached SCSI disk
Begin: Loading essential drivers ... [   10.421554] md: linear personality registered for level -1
[   10.435136] md: multipath personality registered for level -4
[   10.451464] md: raid0 personality registered for level 0
[   10.480869] md: raid1 personality registered for level 1
[   10.572608] raid6: sse2x1   gen()  3573 MB/s
[   10.644138] raid6: sse2x1   xor()  3568 MB/s
[   10.720325] raid6: sse2x2   gen() 11877 MB/s
[   10.792334] raid6: sse2x2   xor()  9157 MB/s
[   10.860911] raid6: sse2x4   gen() 11907 MB/s
[   10.932237] raid6: sse2x4   xor()  5955 MB/s
[   10.936276] raid6: using algorithm sse2x4 gen() 11907 MB/s
[   10.941119] raid6: .... xor() 5955 MB/s, rmw enabled
[   10.945564] raid6: using ssse3x2 recovery algorithm
[   10.955510] xor: measuring software checksum speed
[   15.545790]    prefetch64-sse: 2058924.000 MB/sec
[   15.698332]    generic_sse:  2822.000 MB/sec
[   15.743123] xor: using function: prefetch64-sse (2058924.000 MB/sec)
[   15.841860] async_tx: api initialized (async)
[   16.271807] md: raid6 personality registered for level 6
[   16.276547] md: raid5 personality registered for level 5
[   16.281030] md: raid4 personality registered for level 4
[   16.306190] md: raid10 personality registered for level 10
done.
Begin: Running /scripts/init-premount ... done.
Begin: Mounting root file system ... Begin: Running /scripts/local-top ... done.
Begin: Running /scripts/local-premount ... [   16.386718] Btrfs loaded
Scanning for Btrfs filesystems
done.
Warning: fsck not present, so skipping root file system
[   16.468747] EXT4-fs (sda1): mounted filesystem with ordered data mode. Opts: (null)
done.
Begin: Running /scripts/local-bottom ... done.
Begin: Running /scripts/init-bottom ... done.
[   16.697931] systemd[1]: systemd 229 running in system mode. (+PAM +AUDIT +SELINUX +IMA +APPARMOR +SMACK +SYSVINIT +UTMP +LIBCRYPTSETUP +GCRYPT +GNUTLS +ACL +XZ -LZ4 +SECCOMP +BLKID +ELFUTILS +KMOD -IDN)
[   16.714574] systemd[1]: Detected virtualization oracle.
[   16.719033] systemd[1]: Detected architecture x86-64.

Welcome to [1mUbuntu 16.04.7 LTS[0m!

[   16.736902] systemd[1]: Set hostname to <ubuntu>.
[   16.761842] systemd[1]: Initializing machine ID from random generator.
[   16.773311] systemd[1]: Installed transient /etc/machine-id file.
[   17.171903] systemd[1]: Listening on Journal Audit Socket.
[[0;32m  OK  [0m] Listening on Journal Audit Socket.
[   17.186800] systemd[1]: Listening on fsck to fsckd communication Socket.
[[0;32m  OK  [0m] Listening on fsck to fsckd communication Socket.
[   17.202640] systemd[1]: Listening on LVM2 metadata daemon socket.
[[0;32m  OK  [0m] Listening on LVM2 metadata daemon socket.
[   17.220563] systemd[1]: Started Forward Password Requests to Wall Directory Watch.
[[0;32m  OK  [0m] Started Forward Password Requests to Wall Directory Watch.
[   17.250525] systemd[1]: Set up automount Arbitrary Executable File Formats File System Automount Point.
[[0;32m  OK  [0m] Set up automount Arbitrary Executab...ats File System Automount Point.
[   17.285040] systemd[1]: Listening on Journal Socket (/dev/log).
[[0;32m  OK  [0m] Listening on Journal Socket (/dev/log).
[   17.301111] systemd[1]: Reached target User and Group Name Lookups.
[[0;32m  OK  [0m] Reached target User and Group Name Lookups.
[   17.320895] systemd[1]: Listening on LVM2 poll daemon socket.
[[0;32m  OK  [0m] Listening on LVM2 poll daemon socket.
[   17.337815] systemd[1]: Listening on udev Control Socket.
[[0;32m  OK  [0m] Listening on udev Control Socket.
[   17.351465] systemd[1]: Reached target Swap.
[[0;32m  OK  [0m] Reached target Swap.
[   17.363107] systemd[1]: Created slice System Slice.
[[0;32m  OK  [0m] Created slice System Slice.
[   17.376020] systemd[1]: Listening on udev Kernel Socket.
[[0;32m  OK  [0m] Listening on udev Kernel Socket.
[   17.391404] systemd[1]: Listening on /dev/initctl Compatibility Named Pipe.
[[0;32m  OK  [0m] Listening on /dev/initctl Compatibility Named Pipe.
[   17.405689] systemd[1]: Reached target System Time Synchronized.
[[0;32m  OK  [0m] Reached target System Time Synchronized.
[   17.417889] systemd[1]: Listening on Syslog Socket.
[[0;32m  OK  [0m] Listening on Syslog Socket.
[   17.427215] systemd[1]: Created slice User and Session Slice.
[[0;32m  OK  [0m] Created slice User and Session Slice.
[   17.440741] systemd[1]: Reached target Slices.
[[0;32m  OK  [0m] Reached target Slices.
[   17.452559] systemd[1]: Reached target Encrypted Volumes.
[[0;32m  OK  [0m] Reached target Encrypted Volumes.
[   17.464079] systemd[1]: Started Trigger resolvconf update for networkd DNS.
[[0;32m  OK  [0m] Started Trigger resolvconf update for networkd DNS.
[   17.482083] systemd[1]: Created slice system-serial\x2dgetty.slice.
[[0;32m  OK  [0m] Created slice system-serial\x2dgetty.slice.
[   17.498978] systemd[1]: Listening on Journal Socket.
[[0;32m  OK  [0m] Listening on Journal Socket.
[   17.537626] systemd[1]: Mounting Debug File System...
         Mounting Debug File System...
[   17.559655] systemd[1]: Starting Uncomplicated firewall...
         Starting Uncomplicated firewall...
[   17.578879] systemd[1]: Mounting POSIX Message Queue File System...
         Mounting POSIX Message Queue File System...
[   17.600578] systemd[1]: Starting Create list of required static device nodes for the current kernel...
         Starting Create list of required st... nodes for the current kernel...
[   17.637307] systemd[1]: Starting Load Kernel Modules...
         Starting Load Kernel Modules...
[   17.659762] systemd[1]: Mounting Huge Pages File System...
         Mounting Huge Pages File System...
[   17.687358] systemd[1]: Starting File System Check on Root Device...
[   17.704176] Loading iSCSI transport class v2.0-870.
         Starting File System Check on Root Device...
[   17.739370] systemd[1]: Starting Journal Service...
         Starting Journal Service...
[   17.796026] iscsi: registered transport (tcp)
[   17.796901] systemd[1]: Starting Set console keymap...
         Starting Set console keymap...
[   17.831213] systemd[1]: Listening on Device-mapper event daemon FIFOs.
[[0;32m  OK  [0m] Listening on Device-mapper event daemon FIFOs.
[   17.858173] systemd[1]: Starting Monitoring of LVM2 mirrors, snapshots etc. using dmeventd or progress polling...
         Starting Monitoring of LVM2 mirrors... dmeventd or progress polling...
[   17.893576] systemd[1]: Starting Nameserver information manager...
         Starting Nameserver information manager...
[   17.923919] systemd[1]: Mounted Huge Pages File System.
[[0;32m  OK  [0m] Mounted Huge Pages File System.
[   17.950360] systemd[1]: Mounted Debug File System.
[[0;32m  OK  [0m] Mounted Debug File System.
[   17.971341] systemd[1]: Mounted POSIX Message Queue File System.
[[0;32m  OK  [0m] Mounted POSIX Message Queue File System.
[   17.993840] systemd[1]: Started Journal Service.
[[0;32m  OK  [0m] Started Journal Service.
[   18.010894] random: nonblocking pool is initialized
[[0;32m  OK  [0m] Started Uncomplicated firewall.
[[0;32m  OK  [0m] Started Create list of required sta...ce nodes for the current kernel.
[[0;32m  OK  [0m] Started File System Check on Root Device.
[[0;32m  OK  [0m] Started Set console keymap.
[   18.056734] iscsi: registered transport (iser)
[[0;32m  OK  [0m] Started Load Kernel Modules.
[[0;32m  OK  [0m] Started Nameserver information manager.
[[0;32m  OK  [0m] Started LVM2 metadata daemon.
[[0;32m  OK  [0m] Started File System Check Daemon to report status.
         Starting Apply Kernel Variables...
         Mounting FUSE Control File System...
         Starting Remount Root and Kernel File Systems...
         Starting Create Static Device Nodes in /dev...
[[0;32m  OK  [0m] Mounted FUSE Con[   18.140600] EXT4-fs (sda1): re-mounted. Opts: (null)
trol File System.
[[0;32m  OK  [0m] Started Remount Root and Kernel File Systems.
[[0;32m  OK  [0m] Started Apply Kernel Variables.
         Starting Flush Journal to Persistent Storage...
         Starting udev Coldplug all Devices...
         Starting Load/Save Random Seed...
[[0;32m  OK  [0m] Started Create Static Device Nodes in /dev.
         Starting udev Kernel Device Manager...
[[0;32m  OK  [0m] Started Load/Save Random Seed.
[[0;32m  OK  [0m] Started Flush Journal to Persistent Storage.
[[0;32m  OK  [0m] Started udev Kernel Device Manager.
[[0;32m  OK  [0m] Started udev Coldplug all Devices.
[[0;32m  OK  [0m] Started Dispatch Password Requests to Console Directory Watch.
[[0;32m  OK  [0m] Started Monitoring of LVM2 mirrors,...ng dmeventd or progress polling.
[[0;32m  OK  [0m] Reached target Local File Systems (Pre).
[[0;32m  OK  [0m] Reached target Local File Systems.
         Starting LSB: AppArmor initialization...
         Starting Initial cloud-init job (pre-networking)...
         Starting Commit a transient machine-id on disk...
         Starting Set console font and keymap...
         Starting Tell Plymouth To Write Out Runtime Data...
         Starting Create Volatile Files and Directories...
[[0;32m  OK  [0m] Started Commit a transient machine-id on disk.
[[0;32m  OK  [0m] Started Create Volatile Files and Directories.
         Starting Update UTMP about System Boot/Shutdown...
[[0;32m  OK  [0m] Started Tell Plymouth To Write Out Runtime Data.
[[0;32m  OK  [0m] Started Update UTMP about System Boot/Shutdown.
[[0;32m  OK  [0m] Found device /dev/ttyS0.
[[0;32m  OK  [0m] Listening on Load/Save RF Kill Switch Status /dev/rfkill Watch.
[[0;32m  OK  [0m] Started LSB: AppArmor initialization.
[   21.582791] cloud-init[496]: Cloud-init v. 20.4.1-0ubuntu1~16.04.1 running 'init-local' at Wed, 14 Apr 2021 16:12:10 +0000. Up 20.94 seconds.
         Starting Load AppArmor profiles managed internally by snapd...
[[0;32m  OK  [0m] Started Initial cloud-init job (pre-networking).
[[0;32m  OK  [0m] Started Load AppArmor profiles managed internally by snapd.
[[0;32m  OK  [0m] Reached target Network (Pre).
         Starting Raise network interfaces...
[[0;32m  OK  [0m] Started Set console font and keymap.
[[0;32m  OK  [0m] Created slice system-getty.slice.
[[0;32m  OK  [0m] Started Raise network interfaces.
         Starting Initial cloud-init job (metadata service crawler)...
[[0;32m  OK  [0m] Reached target Network.
[   25.432659] cloud-init[960]: Cloud-init v. 20.4.1-0ubuntu1~16.04.1 running 'init' at Wed, 14 Apr 2021 16:12:13 +0000. Up 24.08 seconds.
[   25.451472] cloud-init[960]: ci-info: ++++++++++++++++++++++++++++++++++++++Net device info+++++++++++++++++++++++++++++++++++++++
[   25.463528] cloud-init[960]: ci-info: +--------+-------+----------------------------+---------------+--------+-------------------+
[   25.472886] cloud-init[960]: ci-info: | Device |   Up  |          Address           |      Mask     | Scope  |     Hw-Address    |
[   25.481905] cloud-init[960]: ci-info: +--------+-------+----------------------------+---------------+--------+-------------------+
[   25.491458] cloud-init[960]: ci-info: | enp0s3 |  True |         10.0.2.15          | 255.255.255.0 | global | 02:b5:11:9f:b1:da |
[   25.502708] cloud-init[960]: ci-info: | enp0s3 |  True | fe80::b5:11ff:fe9f:b1da/64 |       .       |  link  | 02:b5:11:9f:b1:da |
[   25.515784] cloud-init[960]: ci-info: | enp0s8 | False |             .              |       .       |   .    | 08:00:27:53:8d:51 |
[   25.527139] cloud-init[960]: ci-info: |   lo   |  True |         127.0.0.1          |   255.0.0.0   |  host  |         .         |
[   25.539646] cloud-init[960]: ci-info: |   lo   |  True |          ::1/128           |       .       |  host  |         .         |
[   25.549189] cloud-init[960]: ci-info: +--------+-------+----------------------------+---------------+--------+-------------------+
[[0;32m  OK  [0m] Started Initial cloud-init job (metadata service crawler).
[[0;32m  OK  [0m] Reached target Cloud-config availability.
[[0;32m  OK  [0m] Reached target Network is Online.
[   25.565228] cloud-init[960]: ci-info: +++++++++++++++++++++++++++Route IPv4 info++++++++++++++++++++++++++++
[   25.582131] cloud-init[960]: ci-info: +-------+-------------+----------+---------------+-----------+-------+
         Starting iSCSI initiator daemon (iscsid)...
[[0;32m  OK  [0m[   25.596132] cloud-init[960]: ci-info: | Route | Destination | Gateway  |    Genmask    | Interface | Flags |
[   25.601928] cloud-init[960]: ci-info: +-------+-------------+----------+---------------+-----------+-------+
[   25.602840] cloud-init[960]: ci-info: |   0   |   0.0.0.0   | 10.0.2.2 |    0.0.0.0    |   enp0s3  |   UG  |
[   25.603483] cloud-init[960]: ci-info: |   1   |   10.0.2.0  | 0.0.0.0  | 255.255.255.0 |   enp0s3  |   U   |
[   25.604884] cloud-init[960]: ci-info: +-------+-------------+----------+---------------+-----------+-------+
[   25.605367] cloud-init[960]: ci-info: +++++++++++++++++++Route IPv6 info+++++++++++++++++++
[   25.605883] cloud-init[960]: ci-info: +-------+-------------+---------+-----------+-------+
[   25.606429] cloud-init[960]: ci-info: | Route | Destination | Gateway | Interface | Flags |
[   25.607050] cloud-init[960]: ci-info: +-------+-------------+---------+-----------+-------+
[   25.607674] cloud-init[960]: ci-info: |   0   |  fe80::/64  |    ::   |   enp0s3  |   U   |
[   25.609017] cloud-init[960]: ci-info: |   3   |   ff00::/8  |    ::   |   enp0s3  |   U   |
[   25.609607] cloud-init[960]: ci-info: +-------+-------------+---------+-----------+-------+
[   25.610171] cloud-init[960]: Generating public/private rsa key pair.
[   25.610685] cloud-init[960]: Your identification has been saved in /etc/ssh/ssh_host_rsa_key.
[   25.611448] cloud-init[960]: Your public key has been saved in /etc/ssh/ssh_host_rsa_key.pub.
[   25.611976] cloud-init[960]: The key fingerprint is:
[   25.613310] cloud-init[960]: SHA256:EuJ9ld0/b1HkOi9i+PRR4aAA2fpE8HhGd1aX1rQ5ldY root@ubuntu-xenial
[   25.613794] cloud-init[960]: The key's randomart image is:
[   25.614310] cloud-init[960]: +---[RSA 2048]----+
[   25.614848] cloud-init[960]: |       o+. . o.oX|
[   25.615390] cloud-init[960]: |       .=o.oo. BE|
[   25.615952] cloud-init[960]: |    . ..o=o ..+=o|
[   25.617089] cloud-init[960]: |   . o ooo. . oo+|
[   25.617533] cloud-init[960]: |    . o S  .  o+o|
[   25.618086] cloud-init[960]: |       o . .   ++|
[   25.618599] cloud-init[960]: |          . + o +|
[   25.619137] cloud-init[960]: |           + o + |
[   25.619655] cloud-init[960]: |            . .  |
[   25.620998] cloud-init[960]: +----[SHA256]-----+
[   25.621394] cloud-init[960]: Generating public/private dsa key pair.
[   25.621905] cloud-init[960]: Your identification has been saved in /etc/ssh/ssh_host_dsa_key.
[   25.622453] cloud-init[960]: Your public key has been saved in /etc/ssh/ssh_host_dsa_key.pub.
[   25.623012] cloud-init[960]: The key fingerprint is:
[   25.623495] cloud-init[960]: SHA256:Tof6FxxVtBGAqiZvjkJkpd3Q5EiNccNZxGgM5ARmM7g root@ubuntu-xenial
[   25.624018] cloud-init[960]: The key's randomart image is:
[   25.625166] cloud-init[960]: +---[DSA 1024]----+
[   25.625606] cloud-init[960]: | .*o*X+*o  ..+=. |
[   25.626188] cloud-init[960]: |.o *++O.. . .  o |
[   25.626681] cloud-init[960]: | . +o+.  . .  .  |
[   25.627160] cloud-init[960]: |E + . . ...      |
[   25.627688] cloud-init[960]: | o     .S...     |
[   25.628823] cloud-init[960]: |  . . o+ .o      |
[   25.629277] cloud-init[960]: | .   +. .  .     |
[   25.629788] cloud-init[960]: |  .  .o.  .      |
[   25.630326] cloud-init[960]: |   ..o. ..       |
[   25.630866] cloud-init[960]: +----[SHA256]-----+
[   25.631379] cloud-init[960]: Generating public/private ecdsa key pair.
[   25.631898] cloud-init[960]: Your identification has been saved in /etc/ssh/ssh_host_ecdsa_key.
[   25.633079] cloud-init[960]: Your public key has been saved in /etc/ssh/ssh_host_ecdsa_key.pub.
[   25.633568] cloud-init[960]: The key fingerprint is:
[   25.634066] cloud-init[960]: SHA256:opdEfuZnc49RLk82+rG2ShBglLL37vaoXUbREcbANII root@ubuntu-xenial
[   25.634576] cloud-init[960]: The key's randomart image is:
[   25.635078] cloud-init[960]: +---[ECDSA 256]---+
[   25.635592] cloud-init[960]: |       .+o.o+o+. |
[   25.636375] cloud-init[960]: |      ..E. ..+.. |
[   25.636436] cloud-init[960]: |      .o  . . .  |
[   25.636999] cloud-init[960]: |     o. .  . .   |
[   25.637522] cloud-init[960]: |      +.S.. . .  |
[   25.638052] cloud-init[960]: |     o *  .o o   |
[   25.638553] cloud-init[960]: |    . o ..+ B *  |
[   25.639055] cloud-init[960]: |     .   +oB X.+ |
[   25.639578] cloud-init[960]: |        .++.=+*. |
[   25.640691] cloud-init[960]: +----[SHA256]-----+
[   25.641164] cloud-init[960]: Generating public/private ed25519 key pair.
[   25.641755] cloud-init[960]: Your identification has been saved in /etc/ssh/ssh_host_ed25519_key.
[   25.642270] cloud-init[960]: Your public key has been saved in /etc/ssh/ssh_host_ed25519_key.pub.
[   25.642846] cloud-init[960]: The key fingerprint is:
[   25.643386] cloud-init[960]: SHA256:/u2FDEHSbV2eISb++vH5waZCcpvvWNV/4vXIzvIGOAk root@ubuntu-xenial
[   25.643908] cloud-init[960]: The key's randomart image is:
[   25.645062] cloud-init[960]: +--[ED25519 256]--+
[   25.645552] cloud-init[960]: |        ...o + o.|
[   25.646042] cloud-init[960]: |         oo = o.o|
[   25.646796] cloud-init[960]: |          .o   ..|
[   25.647055] cloud-init[960]: |        E  ..   .|
[   25.647605] cloud-init[960]: |        S..o . ..|
[   25.648765] cloud-init[960]: |       . .+=o.o .|
[   25.649272] cloud-init[960]: |        . +o=+o++|
[   25.649794] cloud-init[960]: |         . ===*+=|
[   25.650306] cloud-init[960]: |          .o*XBo+|
[   25.650827] cloud-init[960]: +----[SHA256]-----+
] Reached target System Initialization.
         Starting LXD - unix socket.
[[0;32m  OK  [0m] Started ACPI Events Check.
[[0;32m  OK  [0m] Reached target Paths.
[[0;32m  OK  [0m] Started Message of the Day.
[[0;32m  OK  [0m] Started Daily apt download activities.
[[0;32m  OK  [0m] Started Daily Cleanup of Temporary Directories.
[[0;32m  OK  [0m] Listening on D-Bus System Message Bus Socket.
[[0;32m  OK  [0m] Started Daily apt upgrade and clean activities.
[[0;32m  OK  [0m] Reached target Timers.
         Starting Socket activation for snappy daemon.
[[0;32m  OK  [0m] Listening on UUID daemon activation socket.
[[0;32m  OK  [0m] Listening on ACPID Listen Socket.
[[0;32m  OK  [0m] Listening on LXD - unix socket.
[[0;32m  OK  [0m] Listening on Socket activation for snappy daemon.
[[0;32m  OK  [0m] Reached target Sockets.
[[0;32m  OK  [0m] Reached target Basic System.
         Starting /etc/rc.local Compatibility...
         Starting Accounts Service...
         Starting LSB: Record successful boot for GRUB...
         Starting Pollinate to seed the pseudo random number generator...
[[0;32m  OK  [0m] Started Deferred execution scheduler.
         Starting LSB: MD monitoring daemon...
[[0;32m  OK  [0m] Started Regular background program processing daemon.
[[0;32m  OK  [0m] Started D-Bus System Message Bus.
         Starting Snap Daemon...
         Starting System Logging Service...
         Starting Login Service...
         Starting LXD - container startup/shutdown...
         Starting Virtualbox guest utils...
[[0;32m  OK  [0m] Started ACPI event daemon.
[[0;32m  OK  [0m] Started FUSE filesystem for LXC.
[[0;32m  OK  [0m] Started iSCSI initiator daemon (iscsid).
[[0;32m  OK  [0m] Started /etc/rc.local Compatibility.
         Starting Authenticate and Authorize Users to Run Privileged Tasks...
         Starting Login to default iSCSI targets...
[[0;32m  OK  [0m] Started System Logging Service.
[[0;32m  OK  [0m] Started Login Service.
[[0;32m  OK  [0m] Started Unattended Upgrades Shutdown.
[[0;32m  OK  [0m] Started LSB: Record successful boot for GRUB.
[[0;32m  OK  [0m] Started LSB: MD monitoring daemon.
[[0;32m  OK  [0m] Started Authenticate and Authorize Users to Run Privileged Tasks.
[[0;32m  OK  [0m] Started Accounts Service.
[[0;32m  OK  [0m] Started Login to default iSCSI targets.
[[0;32m  OK  [0m] Reached target Remote File Systems (Pre).
[[0;32m  OK  [0m] Reached target Remote File Systems.
         Starting LSB: automatic crash report generation...
         Starting LSB: Set the CPU Frequency Scaling governor to "ondemand"...
         Starting Permit User Sessions...
         Starting LSB: daemon to balance interrupts for SMP systems...
[[0;32m  OK  [0m] Started Permit User Sessions.
         Starting Hold until boot process finishes up...
         Starting Terminate Plymouth Boot Screen...
[[0;32m  OK  [0m] Started Hold until boot process finishes up.
[[0;32m  OK  [0m] Started LSB: Set the CPU Frequency Scaling governor to "ondemand".
[[0;32m  OK  [0m] Started Terminate Plymouth Boot Screen.
[[0;32m  OK  [0m] Started Virtualbox guest utils.
[[0;32m  OK  [0m] Started Serial Getty on ttyS0.
[[0;32m  OK  [0m] Started Getty on tty1.
[[0;32m  OK  [0m] Reached target Login Prompts.
         Starting Set console scheme...
[[0;32m  OK  [0m] Started LSB: automatic crash report generation.
[[0;32m  OK  [0m] Started LXD - container startup/shutdown.
[[0;32m  OK  [0m] Started LSB: daemon to balance interrupts for SMP systems.
[[0;32m  OK  [0m] Started Set console scheme.
[[0;32m  OK  [0m] Started Pollinate to seed the pseudo random number generator.
         Starting OpenBSD Secure Shell server...
[[0;32m  OK  [0m] Started OpenBSD Secure Shell server.
[[0;32m  OK  [0m] Started Snap Daemon.
         Starting Wait until snapd is fully seeded...
[[0;32m  OK  [0m] Created slice User Slice of vagrant.
         Starting User Manager for UID 1000...
[[0;32m  OK  [0m] Started Session 1 of user vagrant.
[[0;32m  OK  [0m] Started User Manager for UID 1000.
[[0;32m  OK  [0m] Started Wait until snapd is fully seeded.
         Starting Apply the settings specified in cloud-config...
[[0;32m  OK  [0m] Reached target Multi-User System.
[[0;32m  OK  [0m] Reached target Graphical Interface.
         Starting Update UTMP about System Runlevel Changes...
[[0;32m  OK  [0m] Started Update UTMP about System Runlevel Changes.
[   33.825382] cloud-init[1412]: Generating locales (this might take a while)...

Ubuntu 16.04.7 LTS ubuntu-xenial ttyS0

ubuntu-xenial login: [   35.743334] cloud-init[1412]:   en_US.UTF-8... done
[   35.747742] cloud-init[1412]: Generation complete.
[   36.514686] cloud-init[1412]: Cloud-init v. 20.4.1-0ubuntu1~16.04.1 running 'modules:config' at Wed, 14 Apr 2021 16:12:23 +0000. Up 33.56 seconds.
ci-info: no authorized SSH keys fingerprints found for user ubuntu.
<14>Apr 14 16:12:27 ec2: 
<14>Apr 14 16:12:27 ec2: #############################################################
<14>Apr 14 16:12:27 ec2: -----BEGIN SSH HOST KEY FINGERPRINTS-----
<14>Apr 14 16:12:27 ec2: 1024 SHA256:Tof6FxxVtBGAqiZvjkJkpd3Q5EiNccNZxGgM5ARmM7g root@ubuntu-xenial (DSA)
<14>Apr 14 16:12:27 ec2: 256 SHA256:opdEfuZnc49RLk82+rG2ShBglLL37vaoXUbREcbANII root@ubuntu-xenial (ECDSA)
<14>Apr 14 16:12:27 ec2: 256 SHA256:/u2FDEHSbV2eISb++vH5waZCcpvvWNV/4vXIzvIGOAk root@ubuntu-xenial (ED25519)
<14>Apr 14 16:12:27 ec2: 2048 SHA256:EuJ9ld0/b1HkOi9i+PRR4aAA2fpE8HhGd1aX1rQ5ldY root@ubuntu-xenial (RSA)
<14>Apr 14 16:12:27 ec2: -----END SSH HOST KEY FINGERPRINTS-----
<14>Apr 14 16:12:27 ec2: #############################################################
-----BEGIN SSH HOST KEY KEYS-----
ecdsa-sha2-nistp256 AAAAE2VjZHNhLXNoYTItbmlzdHAyNTYAAAAIbmlzdHAyNTYAAABBBOFtk9mDh7Me86odmjuK8rR7YRejy6MZNgQnOiIEhm/nb9wcdlp6DaqfMSPs6eyMqR/U/s89Q0YNjDO/px39oIE= root@ubuntu-xenial
ssh-ed25519 AAAAC3NzaC1lZDI1NTE5AAAAIFqY7lXHO2OUpLpS1p27W5Dd7MtergHKMlx1B1IXfqQ9 root@ubuntu-xenial
ssh-rsa AAAAB3NzaC1yc2EAAAADAQABAAABAQCxN7amr9D82nhusme8Y0/4c7w4UbW2zsftpjTmZMjhvtw695F//ihzYAUzkji12LD/8m63hmc8TmXeayNtD9GkKNbhSiJKsAd2i5xgHItJquL2kEf//ADC7Maa/l/3Yf0LfLqEAb7AapvObSpJEt6Xsop944cYEaShcOcCaze7Kvt/KnTHIZt4KUAje2zDsHfmi9WBKFaAIi573Ln7KAXhiwWp2LeKEc43aeeSZOpqWHFnRn01XbfrVd61lUe3O1dk34sakVpzjnd7W5dF2w976aap6GM5liIisI0att2yXdglQiA1rNGcxDHukzmxTF6SwxO2Flwda/C2A4VLbZu/ root@ubuntu-xenial
-----END SSH HOST KEY KEYS-----
[   37.615624] cloud-init[1574]: Cloud-init v. 20.4.1-0ubuntu1~16.04.1 running 'modules:final' at Wed, 14 Apr 2021 16:12:26 +0000. Up 37.11 seconds.
[   37.617723] cloud-init[1574]: ci-info: no authorized SSH keys fingerprints found for user ubuntu.
[   37.618914] cloud-init[1574]: Cloud-init v. 20.4.1-0ubuntu1~16.04.1 finished at Wed, 14 Apr 2021 16:12:27 +0000. Datasource DataSourceNoCloud [seed=/dev/sdb][dsmode=net].  Up 37.57 seconds
